2025-03-09 17:29:36,818 INFO    MainThread:3169289 [wandb_setup.py:_flush():67] Current SDK version is 0.19.7
2025-03-09 17:29:36,818 INFO    MainThread:3169289 [wandb_setup.py:_flush():67] Configure stats pid to 3169289
2025-03-09 17:29:36,819 INFO    MainThread:3169289 [wandb_setup.py:_flush():67] Loading settings from /home/mmajo/.config/wandb/settings
2025-03-09 17:29:36,819 INFO    MainThread:3169289 [wandb_setup.py:_flush():67] Loading settings from /home/mmajo/MCV/C5/MCV-2024-C5-Project-T6/yolo/wandb/settings
2025-03-09 17:29:36,819 INFO    MainThread:3169289 [wandb_setup.py:_flush():67] Loading settings from environment variables
2025-03-09 17:29:36,819 INFO    MainThread:3169289 [wandb_init.py:setup_run_log_directory():647] Logging user logs to /home/mmajo/MCV/C5/MCV-2024-C5-Project-T6/yolo/wandb/run-20250309_172936-rbkesamb/logs/debug.log
2025-03-09 17:29:36,819 INFO    MainThread:3169289 [wandb_init.py:setup_run_log_directory():648] Logging internal logs to /home/mmajo/MCV/C5/MCV-2024-C5-Project-T6/yolo/wandb/run-20250309_172936-rbkesamb/logs/debug-internal.log
2025-03-09 17:29:36,819 INFO    MainThread:3169289 [wandb_init.py:init():761] calling init triggers
2025-03-09 17:29:36,819 INFO    MainThread:3169289 [wandb_init.py:init():766] wandb.init called with sweep_config: {}
config: {'task': 'detect', 'mode': 'train', 'model': 'yolo11x.pt', 'data': 'kitti-mots.yaml', 'epochs': 500, 'time': None, 'patience': 100, 'batch': 16, 'imgsz': 640, 'save': True, 'save_period': -1, 'cache': False, 'device': 0, 'workers': 8, 'project': 'runs/train_outputs', 'name': 'train_finetune_aug12', 'exist_ok': False, 'pretrained': True, 'optimizer': 'auto', 'verbose': True, 'seed': 0, 'deterministic': True, 'single_cls': False, 'rect': False, 'cos_lr': False, 'close_mosaic': 10, 'resume': False, 'amp': True, 'fraction': 1.0, 'profile': False, 'freeze': None, 'multi_scale': False, 'overlap_mask': True, 'mask_ratio': 4, 'dropout': 0.0, 'val': True, 'split': 'val', 'save_json': False, 'save_hybrid': False, 'conf': None, 'iou': 0.7, 'max_det': 300, 'half': False, 'dnn': False, 'plots': True, 'source': None, 'vid_stride': 1, 'stream_buffer': False, 'visualize': False, 'augment': False, 'agnostic_nms': False, 'classes': None, 'retina_masks': False, 'embed': None, 'show': False, 'save_frames': False, 'save_txt': False, 'save_conf': False, 'save_crop': False, 'show_labels': True, 'show_conf': True, 'show_boxes': True, 'line_width': None, 'format': 'torchscript', 'keras': False, 'optimize': False, 'int8': False, 'dynamic': False, 'simplify': True, 'opset': None, 'workspace': None, 'nms': False, 'lr0': 0.01, 'lrf': 0.01, 'momentum': 0.937, 'weight_decay': 0.0005, 'warmup_epochs': 3.0, 'warmup_momentum': 0.8, 'warmup_bias_lr': 0.1, 'box': 7.5, 'cls': 0.5, 'dfl': 1.5, 'pose': 12.0, 'kobj': 1.0, 'nbs': 64, 'hsv_h': 0.05, 'hsv_s': 1.0, 'hsv_v': 0.8, 'degrees': 45, 'translate': 0.4, 'scale': 1.0, 'shear': 30, 'perspective': 0.001, 'flipud': 1.0, 'fliplr': 1.0, 'bgr': 0.0, 'mosaic': 1.0, 'mixup': 0.5, 'copy_paste': 0.5, 'copy_paste_mode': 'flip', 'auto_augment': 'autoaugment', 'erasing': 0.8, 'crop_fraction': 0.5, 'cfg': None, 'tracker': 'botsort.yaml', 'save_dir': 'runs/train_outputs/train_finetune_aug12', '_wandb': {}}
2025-03-09 17:29:36,819 INFO    MainThread:3169289 [wandb_init.py:init():784] starting backend
2025-03-09 17:29:36,819 INFO    MainThread:3169289 [wandb_init.py:init():788] sending inform_init request
2025-03-09 17:29:36,851 INFO    MainThread:3169289 [backend.py:_multiprocessing_setup():97] multiprocessing start_methods=fork,spawn,forkserver, using: spawn
2025-03-09 17:29:36,851 INFO    MainThread:3169289 [wandb_init.py:init():803] backend started and connected
2025-03-09 17:29:36,857 INFO    MainThread:3169289 [wandb_init.py:init():896] updated telemetry
2025-03-09 17:29:36,922 INFO    MainThread:3169289 [wandb_init.py:init():920] communicating run to backend with 90.0 second timeout
2025-03-09 17:29:37,324 INFO    MainThread:3169289 [wandb_init.py:init():995] starting run threads in backend
2025-03-09 17:29:37,581 INFO    MainThread:3169289 [wandb_run.py:_console_start():2377] atexit reg
2025-03-09 17:29:37,582 INFO    MainThread:3169289 [wandb_run.py:_redirect():2227] redirect: wrap_raw
2025-03-09 17:29:37,582 INFO    MainThread:3169289 [wandb_run.py:_redirect():2292] Wrapping output streams.
2025-03-09 17:29:37,582 INFO    MainThread:3169289 [wandb_run.py:_redirect():2317] Redirects installed.
2025-03-09 17:29:37,584 INFO    MainThread:3169289 [wandb_init.py:init():1037] run started, returning control to user process
2025-03-09 17:29:55,721 WARNING MsgRouterThr:3169289 [router.py:message_loop():77] message_loop has been closed
Traceback (most recent call last):
  File "/home/mmajo/miniconda3/envs/c5-project/lib/python3.8/site-packages/wandb/sdk/interface/router_sock.py", line 28, in _read_message
    resp = self._sock_client.read_server_response(timeout=1)
  File "/home/mmajo/miniconda3/envs/c5-project/lib/python3.8/site-packages/wandb/sdk/lib/sock_client.py", line 285, in read_server_response
    data = self._read_packet_bytes(timeout=timeout)
  File "/home/mmajo/miniconda3/envs/c5-project/lib/python3.8/site-packages/wandb/sdk/lib/sock_client.py", line 270, in _read_packet_bytes
    raise SockClientClosedError
wandb.sdk.lib.sock_client.SockClientClosedError

The above exception was the direct cause of the following exception:

Traceback (most recent call last):
  File "/home/mmajo/miniconda3/envs/c5-project/lib/python3.8/site-packages/wandb/sdk/interface/router.py", line 70, in message_loop
    msg = self._read_message()
  File "/home/mmajo/miniconda3/envs/c5-project/lib/python3.8/site-packages/wandb/sdk/interface/router_sock.py", line 30, in _read_message
    raise MessageRouterClosedError from e
wandb.sdk.interface.router.MessageRouterClosedError
2025-03-09 17:29:55,722 INFO    MsgRouterThr:3169289 [mailbox.py:close():115] Closing mailbox, abandoning 1 handles.
